<?xml version="1.0" encoding="UTF-8"?>
<coverage generated="1618994558894" clover="3.2.0">
  <project timestamp="1618994558894" name="All files">
    <metrics statements="140" coveredstatements="116" conditionals="93" coveredconditionals="67" methods="5" coveredmethods="5" elements="238" coveredelements="188" complexity="0" loc="140" ncloc="140" packages="1" files="1" classes="1"/>
    <file name="sequencer.js" path="/Users/steven/Software/node-red-contrib-music/sequencer.js">
      <metrics statements="140" coveredstatements="116" conditionals="93" coveredconditionals="67" methods="5" coveredmethods="5"/>
      <line num="1" count="1" type="stmt"/>
      <line num="4" count="15" type="stmt"/>
      <line num="7" count="15" type="stmt"/>
      <line num="8" count="15" type="stmt"/>
      <line num="10" count="15" type="stmt"/>
      <line num="12" count="15" type="stmt"/>
      <line num="13" count="70" type="cond" truecount="4" falsecount="0"/>
      <line num="15" count="65" type="cond" truecount="1" falsecount="1"/>
      <line num="16" count="65" type="stmt"/>
      <line num="17" count="65" type="cond" truecount="1" falsecount="1"/>
      <line num="22" count="65" type="cond" truecount="4" falsecount="0"/>
      <line num="23" count="53" type="stmt"/>
      <line num="24" count="53" type="cond" truecount="2" falsecount="0"/>
      <line num="25" count="30" type="cond" truecount="2" falsecount="2"/>
      <line num="26" count="0" type="stmt"/>
      <line num="27" count="0" type="stmt"/>
      <line num="29" count="30" type="stmt"/>
      <line num="30" count="30" type="cond" truecount="2" falsecount="0"/>
      <line num="31" count="10" type="stmt"/>
      <line num="33" count="30" type="stmt"/>
      <line num="35" count="30" type="cond" truecount="2" falsecount="0"/>
      <line num="36" count="2" type="stmt"/>
      <line num="40" count="30" type="stmt"/>
      <line num="42" count="30" type="stmt"/>
      <line num="43" count="30" type="cond" truecount="2" falsecount="2"/>
      <line num="44" count="0" type="stmt"/>
      <line num="46" count="30" type="stmt"/>
      <line num="47" count="30" type="cond" truecount="2" falsecount="0"/>
      <line num="48" count="2" type="cond" truecount="2" falsecount="0"/>
      <line num="49" count="1" type="stmt"/>
      <line num="50" count="1" type="stmt"/>
      <line num="53" count="28" type="stmt"/>
      <line num="56" count="30" type="cond" truecount="2" falsecount="0"/>
      <line num="57" count="29" type="stmt"/>
      <line num="60" count="30" type="cond" truecount="2" falsecount="0"/>
      <line num="61" count="1" type="stmt"/>
      <line num="68" count="65" type="cond" truecount="2" falsecount="0"/>
      <line num="69" count="29" type="stmt"/>
      <line num="70" count="29" type="cond" truecount="1" falsecount="1"/>
      <line num="71" count="29" type="stmt"/>
      <line num="74" count="29" type="stmt"/>
      <line num="79" count="65" type="cond" truecount="1" falsecount="2"/>
      <line num="81" count="65" type="cond" truecount="2" falsecount="0"/>
      <line num="82" count="29" type="stmt"/>
      <line num="83" count="29" type="stmt"/>
      <line num="84" count="29" type="cond" truecount="1" falsecount="1"/>
      <line num="85" count="0" type="stmt"/>
      <line num="87" count="29" type="stmt"/>
      <line num="88" count="29" type="stmt"/>
      <line num="89" count="29" type="cond" truecount="1" falsecount="1"/>
      <line num="90" count="29" type="stmt"/>
      <line num="93" count="29" type="stmt"/>
      <line num="95" count="65" type="stmt"/>
      <line num="98" count="0" type="stmt"/>
      <line num="99" count="0" type="cond" truecount="0" falsecount="2"/>
      <line num="100" count="0" type="stmt"/>
      <line num="103" count="0" type="stmt"/>
      <line num="105" count="0" type="stmt"/>
      <line num="108" count="0" type="stmt"/>
      <line num="110" count="0" type="stmt"/>
      <line num="112" count="65" type="stmt"/>
      <line num="117" count="1" type="stmt"/>
      <line num="118" count="1" type="stmt"/>
      <line num="121" count="1" type="stmt"/>
      <line num="122" count="1" type="stmt"/>
      <line num="123" count="1" type="stmt"/>
      <line num="127" count="3" type="stmt"/>
      <line num="128" count="3" type="stmt"/>
      <line num="129" count="3" type="stmt"/>
      <line num="130" count="3" type="stmt"/>
      <line num="131" count="3" type="stmt"/>
      <line num="133" count="3" type="cond" truecount="2" falsecount="0"/>
      <line num="134" count="1" type="stmt"/>
      <line num="135" count="1" type="cond" truecount="3" falsecount="1"/>
      <line num="136" count="1" type="stmt"/>
      <line num="138" count="0" type="stmt"/>
      <line num="141" count="3" type="stmt"/>
      <line num="142" count="3" type="stmt"/>
      <line num="143" count="3" type="stmt"/>
      <line num="144" count="3" type="cond" truecount="1" falsecount="1"/>
      <line num="145" count="3" type="cond" truecount="2" falsecount="0"/>
      <line num="146" count="1" type="stmt"/>
      <line num="147" count="0" type="stmt"/>
      <line num="148" count="0" type="stmt"/>
      <line num="150" count="1" type="stmt"/>
      <line num="151" count="1" type="stmt"/>
      <line num="153" count="2" type="stmt"/>
      <line num="154" count="2" type="cond" truecount="1" falsecount="1"/>
      <line num="155" count="0" type="stmt"/>
      <line num="157" count="2" type="stmt"/>
      <line num="158" count="2" type="stmt"/>
      <line num="159" count="2" type="cond" truecount="2" falsecount="0"/>
      <line num="160" count="1" type="stmt"/>
      <line num="161" count="1" type="stmt"/>
      <line num="162" count="1" type="cond" truecount="1" falsecount="1"/>
      <line num="163" count="1" type="stmt"/>
      <line num="164" count="1" type="stmt"/>
      <line num="165" count="1" type="stmt"/>
      <line num="167" count="0" type="stmt"/>
      <line num="170" count="2" type="stmt"/>
      <line num="178" count="3" type="cond" truecount="1" falsecount="1"/>
      <line num="179" count="0" type="stmt"/>
      <line num="181" count="3" type="stmt"/>
      <line num="186" count="17" type="stmt"/>
      <line num="187" count="17" type="cond" truecount="3" falsecount="1"/>
      <line num="188" count="0" type="stmt"/>
      <line num="191" count="17" type="stmt"/>
      <line num="192" count="17" type="cond" truecount="2" falsecount="0"/>
      <line num="193" count="1" type="cond" truecount="1" falsecount="1"/>
      <line num="194" count="1" type="stmt"/>
      <line num="196" count="0" type="stmt"/>
      <line num="201" count="17" type="stmt"/>
      <line num="202" count="17" type="stmt"/>
      <line num="203" count="17" type="cond" truecount="1" falsecount="1"/>
      <line num="204" count="0" type="stmt"/>
      <line num="207" count="17" type="stmt"/>
      <line num="208" count="17" type="stmt"/>
      <line num="209" count="17" type="stmt"/>
      <line num="210" count="17" type="cond" truecount="1" falsecount="1"/>
      <line num="211" count="0" type="stmt"/>
      <line num="217" count="16" type="cond" truecount="1" falsecount="1"/>
      <line num="219" count="16" type="stmt"/>
      <line num="220" count="16" type="stmt"/>
      <line num="222" count="0" type="stmt"/>
      <line num="224" count="16" type="cond" truecount="1" falsecount="1"/>
      <line num="225" count="0" type="stmt"/>
      <line num="228" count="16" type="cond" truecount="1" falsecount="1"/>
      <line num="230" count="16" type="cond" truecount="2" falsecount="0"/>
      <line num="231" count="16" type="cond" truecount="2" falsecount="0"/>
      <line num="232" count="16" type="cond" truecount="2" falsecount="0"/>
      <line num="233" count="16" type="cond" truecount="1" falsecount="1"/>
      <line num="234" count="16" type="stmt"/>
      <line num="235" count="16" type="stmt"/>
      <line num="237" count="16" type="stmt"/>
      <line num="238" count="16" type="stmt"/>
      <line num="240" count="0" type="stmt"/>
      <line num="242" count="16" type="stmt"/>
      <line num="243" count="16" type="stmt"/>
      <line num="246" count="16" type="stmt"/>
      <line num="250" count="15" type="stmt"/>
    </file>
  </project>
</coverage>
