{"/Users/steven/Software/node-red-contrib-music/sequencer.js": {"path":"/Users/steven/Software/node-red-contrib-music/sequencer.js","statementMap":{"0":{"start":{"line":1,"column":0},"end":{"line":251,"column":2}},"1":{"start":{"line":4,"column":14},"end":{"line":4,"column":35}},"2":{"start":{"line":7,"column":8},"end":{"line":7,"column":43}},"3":{"start":{"line":8,"column":21},"end":{"line":8,"column":25}},"4":{"start":{"line":10,"column":8},"end":{"line":10,"column":16}},"5":{"start":{"line":12,"column":8},"end":{"line":183,"column":11}},"6":{"start":{"line":13,"column":12},"end":{"line":182,"column":13}},"7":{"start":{"line":15,"column":28},"end":{"line":15,"column":43}},"8":{"start":{"line":16,"column":33},"end":{"line":16,"column":38}},"9":{"start":{"line":17,"column":16},"end":{"line":65,"column":17}},"10":{"start":{"line":22,"column":20},"end":{"line":64,"column":21}},"11":{"start":{"line":23,"column":24},"end":{"line":23,"column":43}},"12":{"start":{"line":24,"column":24},"end":{"line":63,"column":25}},"13":{"start":{"line":25,"column":28},"end":{"line":38,"column":29}},"14":{"start":{"line":26,"column":32},"end":{"line":26,"column":73}},"15":{"start":{"line":27,"column":32},"end":{"line":27,"column":51}},"16":{"start":{"line":29,"column":32},"end":{"line":29,"column":49}},"17":{"start":{"line":30,"column":32},"end":{"line":32,"column":33}},"18":{"start":{"line":31,"column":36},"end":{"line":31,"column":55}},"19":{"start":{"line":33,"column":32},"end":{"line":33,"column":79}},"20":{"start":{"line":35,"column":32},"end":{"line":37,"column":33}},"21":{"start":{"line":36,"column":36},"end":{"line":36,"column":66}},"22":{"start":{"line":40,"column":28},"end":{"line":59,"column":29}},"23":{"start":{"line":42,"column":32},"end":{"line":42,"column":58}},"24":{"start":{"line":43,"column":32},"end":{"line":55,"column":33}},"25":{"start":{"line":44,"column":36},"end":{"line":44,"column":77}},"26":{"start":{"line":46,"column":36},"end":{"line":46,"column":50}},"27":{"start":{"line":47,"column":36},"end":{"line":54,"column":37}},"28":{"start":{"line":48,"column":40},"end":{"line":51,"column":41}},"29":{"start":{"line":49,"column":44},"end":{"line":49,"column":60}},"30":{"start":{"line":50,"column":44},"end":{"line":50,"column":88}},"31":{"start":{"line":53,"column":40},"end":{"line":53,"column":84}},"32":{"start":{"line":56,"column":32},"end":{"line":58,"column":33}},"33":{"start":{"line":57,"column":36},"end":{"line":57,"column":54}},"34":{"start":{"line":60,"column":28},"end":{"line":62,"column":29}},"35":{"start":{"line":61,"column":32},"end":{"line":61,"column":42}},"36":{"start":{"line":68,"column":16},"end":{"line":77,"column":17}},"37":{"start":{"line":69,"column":20},"end":{"line":76,"column":21}},"38":{"start":{"line":70,"column":24},"end":{"line":75,"column":25}},"39":{"start":{"line":71,"column":45},"end":{"line":73,"column":46}},"40":{"start":{"line":74,"column":28},"end":{"line":74,"column":58}},"41":{"start":{"line":79,"column":16},"end":{"line":111,"column":17}},"42":{"start":{"line":81,"column":20},"end":{"line":94,"column":21}},"43":{"start":{"line":82,"column":38},"end":{"line":82,"column":69}},"44":{"start":{"line":83,"column":40},"end":{"line":83,"column":41}},"45":{"start":{"line":84,"column":24},"end":{"line":86,"column":25}},"46":{"start":{"line":85,"column":28},"end":{"line":85,"column":71}},"47":{"start":{"line":87,"column":24},"end":{"line":87,"column":69}},"48":{"start":{"line":88,"column":24},"end":{"line":92,"column":25}},"49":{"start":{"line":89,"column":28},"end":{"line":91,"column":29}},"50":{"start":{"line":90,"column":32},"end":{"line":90,"column":70}},"51":{"start":{"line":93,"column":24},"end":{"line":93,"column":51}},"52":{"start":{"line":95,"column":20},"end":{"line":95,"column":26}},"53":{"start":{"line":98,"column":20},"end":{"line":102,"column":21}},"54":{"start":{"line":99,"column":24},"end":{"line":101,"column":25}},"55":{"start":{"line":100,"column":28},"end":{"line":100,"column":62}},"56":{"start":{"line":103,"column":20},"end":{"line":103,"column":43}},"57":{"start":{"line":105,"column":20},"end":{"line":105,"column":26}},"58":{"start":{"line":108,"column":20},"end":{"line":108,"column":68}},"59":{"start":{"line":110,"column":20},"end":{"line":110,"column":26}},"60":{"start":{"line":112,"column":16},"end":{"line":112,"column":22}},"61":{"start":{"line":117,"column":16},"end":{"line":117,"column":37}},"62":{"start":{"line":118,"column":16},"end":{"line":118,"column":22}},"63":{"start":{"line":121,"column":16},"end":{"line":121,"column":24}},"64":{"start":{"line":122,"column":16},"end":{"line":122,"column":39}},"65":{"start":{"line":123,"column":16},"end":{"line":123,"column":22}},"66":{"start":{"line":127,"column":37},"end":{"line":127,"column":42}},"67":{"start":{"line":128,"column":39},"end":{"line":128,"column":54}},"68":{"start":{"line":129,"column":39},"end":{"line":129,"column":48}},"69":{"start":{"line":130,"column":39},"end":{"line":130,"column":43}},"70":{"start":{"line":131,"column":32},"end":{"line":131,"column":59}},"71":{"start":{"line":133,"column":20},"end":{"line":140,"column":21}},"72":{"start":{"line":134,"column":24},"end":{"line":134,"column":56}},"73":{"start":{"line":135,"column":24},"end":{"line":139,"column":25}},"74":{"start":{"line":136,"column":28},"end":{"line":136,"column":52}},"75":{"start":{"line":138,"column":28},"end":{"line":138,"column":48}},"76":{"start":{"line":141,"column":20},"end":{"line":176,"column":21}},"77":{"start":{"line":141,"column":33},"end":{"line":141,"column":34}},"78":{"start":{"line":142,"column":38},"end":{"line":142,"column":54}},"79":{"start":{"line":143,"column":41},"end":{"line":143,"column":60}},"80":{"start":{"line":144,"column":24},"end":{"line":175,"column":25}},"81":{"start":{"line":145,"column":28},"end":{"line":174,"column":29}},"82":{"start":{"line":146,"column":32},"end":{"line":149,"column":33}},"83":{"start":{"line":147,"column":36},"end":{"line":147,"column":62}},"84":{"start":{"line":148,"column":36},"end":{"line":148,"column":65}},"85":{"start":{"line":150,"column":32},"end":{"line":150,"column":121}},"86":{"start":{"line":151,"column":32},"end":{"line":151,"column":50}},"87":{"start":{"line":153,"column":32},"end":{"line":173,"column":33}},"88":{"start":{"line":154,"column":36},"end":{"line":169,"column":37}},"89":{"start":{"line":155,"column":40},"end":{"line":155,"column":69}},"90":{"start":{"line":157,"column":51},"end":{"line":157,"column":73}},"91":{"start":{"line":158,"column":55},"end":{"line":158,"column":67}},"92":{"start":{"line":159,"column":40},"end":{"line":168,"column":41}},"93":{"start":{"line":160,"column":44},"end":{"line":160,"column":65}},"94":{"start":{"line":161,"column":44},"end":{"line":161,"column":68}},"95":{"start":{"line":162,"column":47},"end":{"line":168,"column":41}},"96":{"start":{"line":163,"column":57},"end":{"line":163,"column":83}},"97":{"start":{"line":164,"column":44},"end":{"line":164,"column":70}},"98":{"start":{"line":165,"column":44},"end":{"line":165,"column":73}},"99":{"start":{"line":167,"column":44},"end":{"line":167,"column":105}},"100":{"start":{"line":170,"column":36},"end":{"line":170,"column":54}},"101":{"start":{"line":178,"column":20},"end":{"line":180,"column":21}},"102":{"start":{"line":179,"column":24},"end":{"line":179,"column":47}},"103":{"start":{"line":181,"column":20},"end":{"line":181,"column":26}},"104":{"start":{"line":186,"column":12},"end":{"line":186,"column":73}},"105":{"start":{"line":187,"column":12},"end":{"line":189,"column":13}},"106":{"start":{"line":188,"column":16},"end":{"line":188,"column":72}},"107":{"start":{"line":191,"column":12},"end":{"line":199,"column":13}},"108":{"start":{"line":192,"column":16},"end":{"line":198,"column":17}},"109":{"start":{"line":193,"column":20},"end":{"line":197,"column":21}},"110":{"start":{"line":194,"column":24},"end":{"line":194,"column":58}},"111":{"start":{"line":196,"column":24},"end":{"line":196,"column":54}},"112":{"start":{"line":201,"column":12},"end":{"line":201,"column":32}},"113":{"start":{"line":202,"column":12},"end":{"line":202,"column":33}},"114":{"start":{"line":203,"column":12},"end":{"line":205,"column":13}},"115":{"start":{"line":204,"column":16},"end":{"line":204,"column":53}},"116":{"start":{"line":207,"column":12},"end":{"line":213,"column":13}},"117":{"start":{"line":207,"column":25},"end":{"line":207,"column":26}},"118":{"start":{"line":208,"column":30},"end":{"line":208,"column":46}},"119":{"start":{"line":209,"column":16},"end":{"line":209,"column":33}},"120":{"start":{"line":210,"column":16},"end":{"line":212,"column":17}},"121":{"start":{"line":211,"column":20},"end":{"line":211,"column":63}},"122":{"start":{"line":217,"column":12},"end":{"line":217,"column":48}},"123":{"start":{"line":219,"column":12},"end":{"line":223,"column":13}},"124":{"start":{"line":220,"column":16},"end":{"line":220,"column":56}},"125":{"start":{"line":222,"column":16},"end":{"line":222,"column":35}},"126":{"start":{"line":224,"column":12},"end":{"line":226,"column":13}},"127":{"start":{"line":225,"column":16},"end":{"line":225,"column":44}},"128":{"start":{"line":228,"column":12},"end":{"line":228,"column":47}},"129":{"start":{"line":230,"column":12},"end":{"line":230,"column":45}},"130":{"start":{"line":231,"column":12},"end":{"line":231,"column":55}},"131":{"start":{"line":232,"column":12},"end":{"line":232,"column":57}},"132":{"start":{"line":233,"column":12},"end":{"line":233,"column":52}},"133":{"start":{"line":234,"column":12},"end":{"line":234,"column":34}},"134":{"start":{"line":235,"column":12},"end":{"line":244,"column":13}},"135":{"start":{"line":237,"column":16},"end":{"line":241,"column":17}},"136":{"start":{"line":238,"column":20},"end":{"line":238,"column":57}},"137":{"start":{"line":240,"column":20},"end":{"line":240,"column":34}},"138":{"start":{"line":242,"column":30},"end":{"line":242,"column":61}},"139":{"start":{"line":243,"column":16},"end":{"line":243,"column":47}},"140":{"start":{"line":246,"column":12},"end":{"line":246,"column":22}},"141":{"start":{"line":250,"column":4},"end":{"line":250,"column":55}}},"fnMap":{"0":{"name":"(anonymous_0)","decl":{"start":{"line":1,"column":17},"end":{"line":1,"column":18}},"loc":{"start":{"line":1,"column":32},"end":{"line":251,"column":1}},"line":1},"1":{"name":"SequencerNode","decl":{"start":{"line":6,"column":13},"end":{"line":6,"column":26}},"loc":{"start":{"line":6,"column":36},"end":{"line":248,"column":5}},"line":6},"2":{"name":"(anonymous_2)","decl":{"start":{"line":12,"column":25},"end":{"line":12,"column":26}},"loc":{"start":{"line":12,"column":40},"end":{"line":183,"column":9}},"line":12},"3":{"name":"restart","decl":{"start":{"line":185,"column":17},"end":{"line":185,"column":24}},"loc":{"start":{"line":185,"column":28},"end":{"line":214,"column":9}},"line":185},"4":{"name":"reset","decl":{"start":{"line":216,"column":17},"end":{"line":216,"column":22}},"loc":{"start":{"line":216,"column":26},"end":{"line":247,"column":9}},"line":216}},"branchMap":{"0":{"loc":{"start":{"line":13,"column":12},"end":{"line":182,"column":13}},"type":"switch","locations":[{"start":{"line":14,"column":12},"end":{"line":112,"column":22}},{"start":{"line":116,"column":12},"end":{"line":118,"column":22}},{"start":{"line":120,"column":12},"end":{"line":123,"column":22}},{"start":{"line":125,"column":16},"end":{"line":181,"column":26}}],"line":13},"1":{"loc":{"start":{"line":15,"column":28},"end":{"line":15,"column":43}},"type":"binary-expr","locations":[{"start":{"line":15,"column":28},"end":{"line":15,"column":37}},{"start":{"line":15,"column":41},"end":{"line":15,"column":43}}],"line":15},"2":{"loc":{"start":{"line":17,"column":16},"end":{"line":65,"column":17}},"type":"if","locations":[{"start":{"line":17,"column":16},"end":{"line":65,"column":17}},{"start":{"line":17,"column":16},"end":{"line":65,"column":17}}],"line":17},"3":{"loc":{"start":{"line":22,"column":20},"end":{"line":64,"column":21}},"type":"if","locations":[{"start":{"line":22,"column":20},"end":{"line":64,"column":21}},{"start":{"line":22,"column":20},"end":{"line":64,"column":21}}],"line":22},"4":{"loc":{"start":{"line":22,"column":24},"end":{"line":22,"column":77}},"type":"binary-expr","locations":[{"start":{"line":22,"column":24},"end":{"line":22,"column":43}},{"start":{"line":22,"column":47},"end":{"line":22,"column":77}}],"line":22},"5":{"loc":{"start":{"line":24,"column":24},"end":{"line":63,"column":25}},"type":"if","locations":[{"start":{"line":24,"column":24},"end":{"line":63,"column":25}},{"start":{"line":24,"column":24},"end":{"line":63,"column":25}}],"line":24},"6":{"loc":{"start":{"line":25,"column":28},"end":{"line":38,"column":29}},"type":"if","locations":[{"start":{"line":25,"column":28},"end":{"line":38,"column":29}},{"start":{"line":25,"column":28},"end":{"line":38,"column":29}}],"line":25},"7":{"loc":{"start":{"line":25,"column":32},"end":{"line":25,"column":60}},"type":"binary-expr","locations":[{"start":{"line":25,"column":32},"end":{"line":25,"column":47}},{"start":{"line":25,"column":51},"end":{"line":25,"column":60}}],"line":25},"8":{"loc":{"start":{"line":30,"column":32},"end":{"line":32,"column":33}},"type":"if","locations":[{"start":{"line":30,"column":32},"end":{"line":32,"column":33}},{"start":{"line":30,"column":32},"end":{"line":32,"column":33}}],"line":30},"9":{"loc":{"start":{"line":35,"column":32},"end":{"line":37,"column":33}},"type":"if","locations":[{"start":{"line":35,"column":32},"end":{"line":37,"column":33}},{"start":{"line":35,"column":32},"end":{"line":37,"column":33}}],"line":35},"10":{"loc":{"start":{"line":43,"column":32},"end":{"line":55,"column":33}},"type":"if","locations":[{"start":{"line":43,"column":32},"end":{"line":55,"column":33}},{"start":{"line":43,"column":32},"end":{"line":55,"column":33}}],"line":43},"11":{"loc":{"start":{"line":43,"column":36},"end":{"line":43,"column":63}},"type":"binary-expr","locations":[{"start":{"line":43,"column":36},"end":{"line":43,"column":50}},{"start":{"line":43,"column":54},"end":{"line":43,"column":63}}],"line":43},"12":{"loc":{"start":{"line":47,"column":36},"end":{"line":54,"column":37}},"type":"if","locations":[{"start":{"line":47,"column":36},"end":{"line":54,"column":37}},{"start":{"line":47,"column":36},"end":{"line":54,"column":37}}],"line":47},"13":{"loc":{"start":{"line":48,"column":40},"end":{"line":51,"column":41}},"type":"if","locations":[{"start":{"line":48,"column":40},"end":{"line":51,"column":41}},{"start":{"line":48,"column":40},"end":{"line":51,"column":41}}],"line":48},"14":{"loc":{"start":{"line":56,"column":32},"end":{"line":58,"column":33}},"type":"if","locations":[{"start":{"line":56,"column":32},"end":{"line":58,"column":33}},{"start":{"line":56,"column":32},"end":{"line":58,"column":33}}],"line":56},"15":{"loc":{"start":{"line":60,"column":28},"end":{"line":62,"column":29}},"type":"if","locations":[{"start":{"line":60,"column":28},"end":{"line":62,"column":29}},{"start":{"line":60,"column":28},"end":{"line":62,"column":29}}],"line":60},"16":{"loc":{"start":{"line":68,"column":16},"end":{"line":77,"column":17}},"type":"if","locations":[{"start":{"line":68,"column":16},"end":{"line":77,"column":17}},{"start":{"line":68,"column":16},"end":{"line":77,"column":17}}],"line":68},"17":{"loc":{"start":{"line":70,"column":24},"end":{"line":75,"column":25}},"type":"if","locations":[{"start":{"line":70,"column":24},"end":{"line":75,"column":25}},{"start":{"line":70,"column":24},"end":{"line":75,"column":25}}],"line":70},"18":{"loc":{"start":{"line":79,"column":16},"end":{"line":111,"column":17}},"type":"switch","locations":[{"start":{"line":80,"column":16},"end":{"line":95,"column":26}},{"start":{"line":97,"column":16},"end":{"line":105,"column":26}},{"start":{"line":107,"column":16},"end":{"line":110,"column":26}}],"line":79},"19":{"loc":{"start":{"line":81,"column":20},"end":{"line":94,"column":21}},"type":"if","locations":[{"start":{"line":81,"column":20},"end":{"line":94,"column":21}},{"start":{"line":81,"column":20},"end":{"line":94,"column":21}}],"line":81},"20":{"loc":{"start":{"line":84,"column":24},"end":{"line":86,"column":25}},"type":"if","locations":[{"start":{"line":84,"column":24},"end":{"line":86,"column":25}},{"start":{"line":84,"column":24},"end":{"line":86,"column":25}}],"line":84},"21":{"loc":{"start":{"line":89,"column":28},"end":{"line":91,"column":29}},"type":"if","locations":[{"start":{"line":89,"column":28},"end":{"line":91,"column":29}},{"start":{"line":89,"column":28},"end":{"line":91,"column":29}}],"line":89},"22":{"loc":{"start":{"line":99,"column":24},"end":{"line":101,"column":25}},"type":"if","locations":[{"start":{"line":99,"column":24},"end":{"line":101,"column":25}},{"start":{"line":99,"column":24},"end":{"line":101,"column":25}}],"line":99},"23":{"loc":{"start":{"line":133,"column":20},"end":{"line":140,"column":21}},"type":"if","locations":[{"start":{"line":133,"column":20},"end":{"line":140,"column":21}},{"start":{"line":133,"column":20},"end":{"line":140,"column":21}}],"line":133},"24":{"loc":{"start":{"line":135,"column":24},"end":{"line":139,"column":25}},"type":"if","locations":[{"start":{"line":135,"column":24},"end":{"line":139,"column":25}},{"start":{"line":135,"column":24},"end":{"line":139,"column":25}}],"line":135},"25":{"loc":{"start":{"line":135,"column":28},"end":{"line":135,"column":79}},"type":"binary-expr","locations":[{"start":{"line":135,"column":28},"end":{"line":135,"column":58}},{"start":{"line":135,"column":62},"end":{"line":135,"column":79}}],"line":135},"26":{"loc":{"start":{"line":144,"column":24},"end":{"line":175,"column":25}},"type":"if","locations":[{"start":{"line":144,"column":24},"end":{"line":175,"column":25}},{"start":{"line":144,"column":24},"end":{"line":175,"column":25}}],"line":144},"27":{"loc":{"start":{"line":145,"column":28},"end":{"line":174,"column":29}},"type":"if","locations":[{"start":{"line":145,"column":28},"end":{"line":174,"column":29}},{"start":{"line":145,"column":28},"end":{"line":174,"column":29}}],"line":145},"28":{"loc":{"start":{"line":154,"column":36},"end":{"line":169,"column":37}},"type":"if","locations":[{"start":{"line":154,"column":36},"end":{"line":169,"column":37}},{"start":{"line":154,"column":36},"end":{"line":169,"column":37}}],"line":154},"29":{"loc":{"start":{"line":159,"column":40},"end":{"line":168,"column":41}},"type":"if","locations":[{"start":{"line":159,"column":40},"end":{"line":168,"column":41}},{"start":{"line":159,"column":40},"end":{"line":168,"column":41}}],"line":159},"30":{"loc":{"start":{"line":162,"column":47},"end":{"line":168,"column":41}},"type":"if","locations":[{"start":{"line":162,"column":47},"end":{"line":168,"column":41}},{"start":{"line":162,"column":47},"end":{"line":168,"column":41}}],"line":162},"31":{"loc":{"start":{"line":178,"column":20},"end":{"line":180,"column":21}},"type":"if","locations":[{"start":{"line":178,"column":20},"end":{"line":180,"column":21}},{"start":{"line":178,"column":20},"end":{"line":180,"column":21}}],"line":178},"32":{"loc":{"start":{"line":187,"column":12},"end":{"line":189,"column":13}},"type":"if","locations":[{"start":{"line":187,"column":12},"end":{"line":189,"column":13}},{"start":{"line":187,"column":12},"end":{"line":189,"column":13}}],"line":187},"33":{"loc":{"start":{"line":187,"column":16},"end":{"line":187,"column":75}},"type":"binary-expr","locations":[{"start":{"line":187,"column":17},"end":{"line":187,"column":46}},{"start":{"line":187,"column":51},"end":{"line":187,"column":75}}],"line":187},"34":{"loc":{"start":{"line":192,"column":16},"end":{"line":198,"column":17}},"type":"if","locations":[{"start":{"line":192,"column":16},"end":{"line":198,"column":17}},{"start":{"line":192,"column":16},"end":{"line":198,"column":17}}],"line":192},"35":{"loc":{"start":{"line":193,"column":20},"end":{"line":197,"column":21}},"type":"if","locations":[{"start":{"line":193,"column":20},"end":{"line":197,"column":21}},{"start":{"line":193,"column":20},"end":{"line":197,"column":21}}],"line":193},"36":{"loc":{"start":{"line":203,"column":12},"end":{"line":205,"column":13}},"type":"if","locations":[{"start":{"line":203,"column":12},"end":{"line":205,"column":13}},{"start":{"line":203,"column":12},"end":{"line":205,"column":13}}],"line":203},"37":{"loc":{"start":{"line":210,"column":16},"end":{"line":212,"column":17}},"type":"if","locations":[{"start":{"line":210,"column":16},"end":{"line":212,"column":17}},{"start":{"line":210,"column":16},"end":{"line":212,"column":17}}],"line":210},"38":{"loc":{"start":{"line":217,"column":25},"end":{"line":217,"column":47}},"type":"binary-expr","locations":[{"start":{"line":217,"column":25},"end":{"line":217,"column":37}},{"start":{"line":217,"column":41},"end":{"line":217,"column":47}}],"line":217},"39":{"loc":{"start":{"line":224,"column":12},"end":{"line":226,"column":13}},"type":"if","locations":[{"start":{"line":224,"column":12},"end":{"line":226,"column":13}},{"start":{"line":224,"column":12},"end":{"line":226,"column":13}}],"line":224},"40":{"loc":{"start":{"line":228,"column":25},"end":{"line":228,"column":46}},"type":"binary-expr","locations":[{"start":{"line":228,"column":25},"end":{"line":228,"column":37}},{"start":{"line":228,"column":41},"end":{"line":228,"column":46}}],"line":228},"41":{"loc":{"start":{"line":230,"column":24},"end":{"line":230,"column":44}},"type":"binary-expr","locations":[{"start":{"line":230,"column":24},"end":{"line":230,"column":35}},{"start":{"line":230,"column":39},"end":{"line":230,"column":44}}],"line":230},"42":{"loc":{"start":{"line":231,"column":29},"end":{"line":231,"column":54}},"type":"binary-expr","locations":[{"start":{"line":231,"column":29},"end":{"line":231,"column":45}},{"start":{"line":231,"column":49},"end":{"line":231,"column":54}}],"line":231},"43":{"loc":{"start":{"line":232,"column":30},"end":{"line":232,"column":56}},"type":"binary-expr","locations":[{"start":{"line":232,"column":30},"end":{"line":232,"column":47}},{"start":{"line":232,"column":51},"end":{"line":232,"column":56}}],"line":232},"44":{"loc":{"start":{"line":233,"column":26},"end":{"line":233,"column":51}},"type":"binary-expr","locations":[{"start":{"line":233,"column":26},"end":{"line":233,"column":39}},{"start":{"line":233,"column":43},"end":{"line":233,"column":51}}],"line":233}},"s":{"0":1,"1":15,"2":15,"3":15,"4":15,"5":15,"6":70,"7":65,"8":65,"9":65,"10":65,"11":53,"12":53,"13":30,"14":0,"15":0,"16":30,"17":30,"18":10,"19":30,"20":30,"21":2,"22":30,"23":30,"24":30,"25":0,"26":30,"27":30,"28":2,"29":1,"30":1,"31":28,"32":30,"33":29,"34":30,"35":1,"36":65,"37":29,"38":29,"39":29,"40":29,"41":65,"42":65,"43":29,"44":29,"45":29,"46":0,"47":29,"48":29,"49":29,"50":29,"51":29,"52":65,"53":0,"54":0,"55":0,"56":0,"57":0,"58":0,"59":0,"60":65,"61":1,"62":1,"63":1,"64":1,"65":1,"66":3,"67":3,"68":3,"69":3,"70":3,"71":3,"72":1,"73":1,"74":1,"75":0,"76":3,"77":3,"78":3,"79":3,"80":3,"81":3,"82":1,"83":0,"84":0,"85":1,"86":1,"87":2,"88":2,"89":0,"90":2,"91":2,"92":2,"93":1,"94":1,"95":1,"96":1,"97":1,"98":1,"99":0,"100":2,"101":3,"102":0,"103":3,"104":17,"105":17,"106":0,"107":17,"108":17,"109":1,"110":1,"111":0,"112":17,"113":17,"114":17,"115":0,"116":17,"117":17,"118":17,"119":17,"120":17,"121":0,"122":16,"123":16,"124":16,"125":0,"126":16,"127":0,"128":16,"129":16,"130":16,"131":16,"132":16,"133":16,"134":16,"135":16,"136":16,"137":0,"138":16,"139":16,"140":16,"141":15},"f":{"0":15,"1":15,"2":70,"3":17,"4":16},"b":{"0":[65,1,1,3],"1":[65,0],"2":[65,0],"3":[53,12],"4":[65,25],"5":[30,23],"6":[0,30],"7":[30,0],"8":[10,20],"9":[2,28],"10":[0,30],"11":[30,0],"12":[2,28],"13":[1,1],"14":[29,1],"15":[1,29],"16":[29,36],"17":[29,0],"18":[65,0,0],"19":[29,36],"20":[0,29],"21":[29,0],"22":[0,0],"23":[1,2],"24":[1,0],"25":[1,1],"26":[3,0],"27":[1,2],"28":[0,2],"29":[1,1],"30":[1,0],"31":[0,3],"32":[0,17],"33":[17,17],"34":[1,16],"35":[1,0],"36":[0,17],"37":[0,17],"38":[16,0],"39":[0,16],"40":[16,0],"41":[16,1],"42":[16,16],"43":[16,16],"44":[16,0]},"_coverageSchema":"1a1c01bbd47fc00a2c39e90264f33305004495a9","hash":"ac6dade09cba4b4fec30a064956e58b0956e8abb"}
}
