TN:
SF:sequencer.js
FN:1,(anonymous_0)
FN:6,SequencerNode
FN:12,(anonymous_2)
FN:185,restart
FN:216,reset
FNF:5
FNH:5
FNDA:15,(anonymous_0)
FNDA:15,SequencerNode
FNDA:70,(anonymous_2)
FNDA:17,restart
FNDA:16,reset
DA:1,1
DA:4,15
DA:7,15
DA:8,15
DA:10,15
DA:12,15
DA:13,70
DA:15,65
DA:16,65
DA:17,65
DA:22,65
DA:23,53
DA:24,53
DA:25,30
DA:26,0
DA:27,0
DA:29,30
DA:30,30
DA:31,10
DA:33,30
DA:35,30
DA:36,2
DA:40,30
DA:42,30
DA:43,30
DA:44,0
DA:46,30
DA:47,30
DA:48,2
DA:49,1
DA:50,1
DA:53,28
DA:56,30
DA:57,29
DA:60,30
DA:61,1
DA:68,65
DA:69,29
DA:70,29
DA:71,29
DA:74,29
DA:79,65
DA:81,65
DA:82,29
DA:83,29
DA:84,29
DA:85,0
DA:87,29
DA:88,29
DA:89,29
DA:90,29
DA:93,29
DA:95,65
DA:98,0
DA:99,0
DA:100,0
DA:103,0
DA:105,0
DA:108,0
DA:110,0
DA:112,65
DA:117,1
DA:118,1
DA:121,1
DA:122,1
DA:123,1
DA:127,3
DA:128,3
DA:129,3
DA:130,3
DA:131,3
DA:133,3
DA:134,1
DA:135,1
DA:136,1
DA:138,0
DA:141,3
DA:142,3
DA:143,3
DA:144,3
DA:145,3
DA:146,1
DA:147,0
DA:148,0
DA:150,1
DA:151,1
DA:153,2
DA:154,2
DA:155,0
DA:157,2
DA:158,2
DA:159,2
DA:160,1
DA:161,1
DA:162,1
DA:163,1
DA:164,1
DA:165,1
DA:167,0
DA:170,2
DA:178,3
DA:179,0
DA:181,3
DA:186,17
DA:187,17
DA:188,0
DA:191,17
DA:192,17
DA:193,1
DA:194,1
DA:196,0
DA:201,17
DA:202,17
DA:203,17
DA:204,0
DA:207,17
DA:208,17
DA:209,17
DA:210,17
DA:211,0
DA:217,16
DA:219,16
DA:220,16
DA:222,0
DA:224,16
DA:225,0
DA:228,16
DA:230,16
DA:231,16
DA:232,16
DA:233,16
DA:234,16
DA:235,16
DA:237,16
DA:238,16
DA:240,0
DA:242,16
DA:243,16
DA:246,16
DA:250,15
LF:140
LH:116
BRDA:13,0,0,65
BRDA:13,0,1,1
BRDA:13,0,2,1
BRDA:13,0,3,3
BRDA:15,1,0,65
BRDA:15,1,1,0
BRDA:17,2,0,65
BRDA:17,2,1,0
BRDA:22,3,0,53
BRDA:22,3,1,12
BRDA:22,4,0,65
BRDA:22,4,1,25
BRDA:24,5,0,30
BRDA:24,5,1,23
BRDA:25,6,0,0
BRDA:25,6,1,30
BRDA:25,7,0,30
BRDA:25,7,1,0
BRDA:30,8,0,10
BRDA:30,8,1,20
BRDA:35,9,0,2
BRDA:35,9,1,28
BRDA:43,10,0,0
BRDA:43,10,1,30
BRDA:43,11,0,30
BRDA:43,11,1,0
BRDA:47,12,0,2
BRDA:47,12,1,28
BRDA:48,13,0,1
BRDA:48,13,1,1
BRDA:56,14,0,29
BRDA:56,14,1,1
BRDA:60,15,0,1
BRDA:60,15,1,29
BRDA:68,16,0,29
BRDA:68,16,1,36
BRDA:70,17,0,29
BRDA:70,17,1,0
BRDA:79,18,0,65
BRDA:79,18,1,0
BRDA:79,18,2,0
BRDA:81,19,0,29
BRDA:81,19,1,36
BRDA:84,20,0,0
BRDA:84,20,1,29
BRDA:89,21,0,29
BRDA:89,21,1,0
BRDA:99,22,0,0
BRDA:99,22,1,0
BRDA:133,23,0,1
BRDA:133,23,1,2
BRDA:135,24,0,1
BRDA:135,24,1,0
BRDA:135,25,0,1
BRDA:135,25,1,1
BRDA:144,26,0,3
BRDA:144,26,1,0
BRDA:145,27,0,1
BRDA:145,27,1,2
BRDA:154,28,0,0
BRDA:154,28,1,2
BRDA:159,29,0,1
BRDA:159,29,1,1
BRDA:162,30,0,1
BRDA:162,30,1,0
BRDA:178,31,0,0
BRDA:178,31,1,3
BRDA:187,32,0,0
BRDA:187,32,1,17
BRDA:187,33,0,17
BRDA:187,33,1,17
BRDA:192,34,0,1
BRDA:192,34,1,16
BRDA:193,35,0,1
BRDA:193,35,1,0
BRDA:203,36,0,0
BRDA:203,36,1,17
BRDA:210,37,0,0
BRDA:210,37,1,17
BRDA:217,38,0,16
BRDA:217,38,1,0
BRDA:224,39,0,0
BRDA:224,39,1,16
BRDA:228,40,0,16
BRDA:228,40,1,0
BRDA:230,41,0,16
BRDA:230,41,1,1
BRDA:231,42,0,16
BRDA:231,42,1,16
BRDA:232,43,0,16
BRDA:232,43,1,16
BRDA:233,44,0,16
BRDA:233,44,1,0
BRF:93
BRH:67
end_of_record
